The system is: Windows - 10.0.19045 - AMD64
Compiling the C compiler identification source file "CMakeCCompilerId.c" succeeded.
Compiler: E:/MicrosoftVisualStudio/2022/Community/VC/Tools/MSVC/14.33.31629/bin/Hostx64/x64/cl.exe 
Build flags: 
Id flags:  

The output was:
0
用于 x64 的 Microsoft (R) C/C++ 优化编译器 19.33.31630 版
版权所有(C) Microsoft Corporation。保留所有权利。

CMakeCCompilerId.c
Microsoft (R) Incremental Linker Version 14.33.31630.0
Copyright (C) Microsoft Corporation.  All rights reserved.

/out:CMakeCCompilerId.exe 
CMakeCCompilerId.obj 


Compilation of the C compiler identification source "CMakeCCompilerId.c" produced "CMakeCCompilerId.exe"

Compilation of the C compiler identification source "CMakeCCompilerId.c" produced "CMakeCCompilerId.obj"

The C compiler identification is MSVC, found in "E:/Microsoft project/C/rich/Monopoly/development/out/build/x64-Debug/CMakeFiles/3.23.22060601-MSVC_2/CompilerIdC/CMakeCCompilerId.exe"

Detecting C compiler ABI info compiled with the following output:
Change Dir: E:/Microsoft project/C/rich/Monopoly/development/out/build/x64-Debug/CMakeFiles/CMakeTmp

Run Build Command(s):E:\MICROSOFTVISUALSTUDIO\2022\COMMUNITY\COMMON7\IDE\COMMONEXTENSIONS\MICROSOFT\CMAKE\Ninja\ninja.exe cmTC_1bce7 && [1/2] Building C object CMakeFiles\cmTC_1bce7.dir\CMakeCCompilerABI.c.obj
[2/2] Linking C executable cmTC_1bce7.exe



